<?xml version="1.0" encoding="UTF-8"?>
<!-- Generated by org.testng.reporters.JUnitReportReporter -->
<testsuite hostname="userft-PC" name="day10_TestNG.Windows_handle" tests="1" failures="0" timestamp="5 Feb 2018 07:40:17 GMT" time="33.071" errors="0">
  <testcase name="f" time="33.071" classname="day10_TestNG.Windows_handle"/>
</testsuite> <!-- day10_TestNG.Windows_handle -->
