<?xml version="1.0" encoding="UTF-8"?>
<!-- Generated by org.testng.reporters.JUnitReportReporter -->
<testsuite hostname="userft-PC" name="day15_Excel.Excel_Write_JXL" tests="1" failures="0" timestamp="23 Jan 2018 06:27:42 GMT" time="0.221" errors="0">
  <testcase name="f" time="0.221" classname="day15_Excel.Excel_Write_JXL"/>
</testsuite> <!-- day15_Excel.Excel_Write_JXL -->
