<?xml version="1.0" encoding="UTF-8"?>
<!-- Generated by org.testng.reporters.JUnitReportReporter -->
<testsuite hostname="userft-PC" name="day17_log4j.Cookies_Test" tests="1" failures="0" timestamp="2 Feb 2018 07:11:43 GMT" time="63.584" errors="0">
  <testcase name="f" time="63.584" classname="day17_log4j.Cookies_Test"/>
</testsuite> <!-- day17_log4j.Cookies_Test -->
