<?xml version="1.0" encoding="UTF-8"?>
<!-- Generated by org.testng.reporters.JUnitReportReporter -->
<testsuite hostname="userft-PC" name="day15_Excel.Excel_POi_LOgin" tests="1" failures="0" timestamp="11 Jan 2018 07:12:19 GMT" time="14.266" errors="0">
  <testcase name="f" time="14.266" classname="day15_Excel.Excel_POi_LOgin"/>
</testsuite> <!-- day15_Excel.Excel_POi_LOgin -->
