<?xml version="1.0" encoding="UTF-8"?>
<!-- Generated by org.testng.reporters.JUnitReportReporter -->
<testsuite hostname="userft-PC" name="day12_JSE.Alerts_JSE" tests="1" failures="0" timestamp="8 Jan 2018 06:14:06 GMT" time="11.692" errors="0">
  <testcase name="f" time="11.692" classname="day12_JSE.Alerts_JSE"/>
</testsuite> <!-- day12_JSE.Alerts_JSE -->
