<?xml version="1.0" encoding="UTF-8"?>
<!-- Generated by org.testng.reporters.JUnitReportReporter -->
<testsuite hostname="userft-PC" name="day14_Robot.Robot_UploadFile" tests="1" failures="0" timestamp="10 Jan 2018 07:09:58 GMT" time="25.771" errors="0">
  <testcase name="f" time="25.771" classname="day14_Robot.Robot_UploadFile"/>
</testsuite> <!-- day14_Robot.Robot_UploadFile -->
