<?xml version="1.0" encoding="UTF-8"?>
<!-- Generated by org.testng.reporters.JUnitReportReporter -->
<testsuite hostname="userft-PC" name="day6.Radio_Buttons_Testing" tests="1" failures="0" timestamp="4 Jan 2018 06:00:10 GMT" time="14.003" errors="0">
  <testcase name="aaa" time="14.003" classname="day6.Radio_Buttons_Testing"/>
</testsuite> <!-- day6.Radio_Buttons_Testing -->
