<?xml version="1.0" encoding="UTF-8"?>
<!-- Generated by org.testng.reporters.JUnitReportReporter -->
<testsuite hostname="userft-PC" name="day12_JSE.Assert_VAlidations" tests="1" failures="0" timestamp="8 Jan 2018 07:20:36 GMT" time="9.999" errors="0">
  <testcase name="f" time="9.999" classname="day12_JSE.Assert_VAlidations"/>
</testsuite> <!-- day12_JSE.Assert_VAlidations -->
