<?xml version="1.0" encoding="UTF-8"?>
<!-- Generated by org.testng.reporters.JUnitReportReporter -->
<testsuite hostname="userft-PC" name="day12_JSE.Window_Scroll_JSE" tests="1" failures="0" timestamp="8 Jan 2018 06:32:55 GMT" time="12.012" errors="0">
  <testcase name="f" time="12.012" classname="day12_JSE.Window_Scroll_JSE"/>
</testsuite> <!-- day12_JSE.Window_Scroll_JSE -->
