<?xml version="1.0" encoding="UTF-8"?>
<!-- Generated by org.testng.reporters.JUnitReportReporter -->
<testsuite hostname="userft-PC" name="day11_waits.Implicit_Wait" tests="1" failures="0" timestamp="5 Feb 2018 07:40:17 GMT" time="25.041" errors="0">
  <testcase name="implicit" time="25.041" classname="day11_waits.Implicit_Wait"/>
</testsuite> <!-- day11_waits.Implicit_Wait -->
