<?xml version="1.0" encoding="UTF-8"?>
<!-- Generated by org.testng.reporters.JUnitReportReporter -->
<testsuite hostname="userft-PC" name="day14_Robot.Mouse_Methods" tests="1" failures="0" timestamp="10 Jan 2018 06:39:06 GMT" time="18.459" errors="0">
  <testcase name="f" time="18.459" classname="day14_Robot.Mouse_Methods"/>
</testsuite> <!-- day14_Robot.Mouse_Methods -->
