<?xml version="1.0" encoding="UTF-8"?>
<!-- Generated by org.testng.reporters.JUnitReportReporter -->
<testsuite hostname="userft-PC" name="day15_Excel.Properties_Login" tests="1" failures="0" timestamp="23 Jan 2018 07:03:20 GMT" time="13.259" errors="0">
  <testcase name="prop" time="13.259" classname="day15_Excel.Properties_Login"/>
</testsuite> <!-- day15_Excel.Properties_Login -->
