<?xml version="1.0" encoding="UTF-8"?>
<!-- Generated by org.testng.reporters.JUnitReportReporter -->
<testsuite hostname="userft-PC" name="day11_waits.Explicit_WebDriverWait" tests="1" failures="0" timestamp="5 Jan 2018 06:44:30 GMT" time="159.138" errors="0">
  <testcase name="f" time="159.138" classname="day11_waits.Explicit_WebDriverWait"/>
</testsuite> <!-- day11_waits.Explicit_WebDriverWait -->
