<?xml version="1.0" encoding="UTF-8"?>
<!-- Generated by org.testng.reporters.JUnitReportReporter -->
<testsuite hostname="userft-PC" name="day12_JSE.DatePicker_JSE" tests="1" failures="0" timestamp="8 Jan 2018 06:57:28 GMT" time="22.781" errors="0">
  <testcase name="f" time="22.781" classname="day12_JSE.DatePicker_JSE"/>
</testsuite> <!-- day12_JSE.DatePicker_JSE -->
