<?xml version="1.0" encoding="UTF-8"?>
<!-- Generated by org.testng.reporters.JUnitReportReporter -->
<testsuite hostname="userft-PC" name="day10_TestNG.NewTest" tests="3" failures="0" timestamp="5 Feb 2018 07:40:17 GMT" time="0.000" errors="0">
  <testcase name="f23" time="0.000" classname="day10_TestNG.NewTest"/>
  <testcase name="f12" time="0.000" classname="day10_TestNG.NewTest"/>
  <testcase name="f" time="0.000" classname="day10_TestNG.NewTest"/>
</testsuite> <!-- day10_TestNG.NewTest -->
