<?xml version="1.0" encoding="UTF-8"?>
<!-- Generated by org.testng.reporters.JUnitReportReporter -->
<testsuite hostname="userft-PC" name="day13_AutoIT.FileUpload_AutoIT" tests="1" failures="0" timestamp="9 Jan 2018 06:06:04 GMT" time="20.516" errors="0">
  <testcase name="f" time="20.516" classname="day13_AutoIT.FileUpload_AutoIT"/>
</testsuite> <!-- day13_AutoIT.FileUpload_AutoIT -->
