<?xml version="1.0" encoding="UTF-8"?>
<!-- Generated by org.testng.reporters.JUnitReportReporter -->
<testsuite hostname="userft-PC" name="day14_Robot.Robot_Download_FIle" tests="1" failures="0" timestamp="10 Jan 2018 06:04:28 GMT" time="17.327" errors="0">
  <testcase name="f" time="17.327" classname="day14_Robot.Robot_Download_FIle"/>
</testsuite> <!-- day14_Robot.Robot_Download_FIle -->
