<?xml version="1.0" encoding="UTF-8"?>
<!-- Generated by org.testng.reporters.JUnitReportReporter -->
<testsuite hostname="userft-PC" name="day12_JSE.Hidden_Element_JSE" tests="1" failures="0" timestamp="8 Jan 2018 06:22:17 GMT" time="10.363" errors="0">
  <testcase name="hidden" time="10.363" classname="day12_JSE.Hidden_Element_JSE"/>
</testsuite> <!-- day12_JSE.Hidden_Element_JSE -->
