<?xml version="1.0" encoding="UTF-8"?>
<!-- Generated by org.testng.reporters.JUnitReportReporter -->
<testsuite hostname="userft-PC" name="day12_JSE.Login_JSE" tests="1" failures="0" timestamp="8 Jan 2018 06:44:18 GMT" time="9.850" errors="0">
  <testcase name="f" time="9.850" classname="day12_JSE.Login_JSE"/>
</testsuite> <!-- day12_JSE.Login_JSE -->
