<?xml version="1.0" encoding="UTF-8"?>
<!-- Generated by org.testng.reporters.JUnitReportReporter -->
<testsuite hostname="userft-PC" name="day15_Excel.Excel_JXL_Login" tests="1" failures="0" timestamp="11 Jan 2018 06:42:15 GMT" time="15.326" errors="0">
  <testcase name="f" time="15.326" classname="day15_Excel.Excel_JXL_Login"/>
</testsuite> <!-- day15_Excel.Excel_JXL_Login -->
