<?xml version="1.0" encoding="UTF-8"?>
<!-- Generated by org.testng.reporters.JUnitReportReporter -->
<testsuite hostname="userft-PC" name="day13_AutoIT.DownloadFile_AutoIT" tests="1" failures="0" timestamp="9 Jan 2018 06:43:05 GMT" time="13.822" errors="0">
  <testcase name="f" time="13.822" classname="day13_AutoIT.DownloadFile_AutoIT"/>
</testsuite> <!-- day13_AutoIT.DownloadFile_AutoIT -->
