<?xml version="1.0" encoding="UTF-8"?>
<!-- Generated by org.testng.reporters.JUnitReportReporter -->
<testsuite hostname="userft-PC" name="day10_TestNG.PopUp_Windows" tests="1" failures="0" timestamp="4 Jan 2018 07:03:11 GMT" time="15.375" errors="0">
  <testcase name="f" time="15.375" classname="day10_TestNG.PopUp_Windows"/>
</testsuite> <!-- day10_TestNG.PopUp_Windows -->
