<?xml version="1.0" encoding="UTF-8"?>
<!-- Generated by org.testng.reporters.JUnitReportReporter -->
<testsuite hostname="userft-PC" name="day11_waits.Explicit_FluentWait" tests="1" failures="0" timestamp="5 Jan 2018 06:54:22 GMT" time="161.378" errors="0">
  <testcase name="f" time="161.378" classname="day11_waits.Explicit_FluentWait"/>
</testsuite> <!-- day11_waits.Explicit_FluentWait -->
